<?xml version="1.0" encoding="UTF-8"?>
<testsuite name="projects.kankan.controller.UserControllerTest" tests="3" skipped="0" failures="0" errors="0" timestamp="2026-03-20T16:21:05.788Z" hostname="S0156639" time="1.086">
  <properties/>
  <testcase name="login should return 401 when credentials are invalid()" classname="projects.kankan.controller.UserControllerTest" time="1.066"/>
  <testcase name="addUser should return OK with user data()" classname="projects.kankan.controller.UserControllerTest" time="0.007"/>
  <testcase name="login should return OK when credentials are valid()" classname="projects.kankan.controller.UserControllerTest" time="0.006"/>
  <system-out><![CDATA[]]></system-out>
  <system-err><![CDATA[Mockito is currently self-attaching to enable the inline-mock-maker. This will no longer work in future releases of the JDK. Please add Mockito as an agent to your build as described in Mockito's documentation: https://javadoc.io/doc/org.mockito/mockito-core/latest/org.mockito/org/mockito/Mockito.html#0.3
WARNING: A Java agent has been loaded dynamically (/home/kkaramch/.gradle/caches/modules-2/files-2.1/net.bytebuddy/byte-buddy-agent/1.17.8/f09415827a71be7ed621c7bd02550678f28bc81c/byte-buddy-agent-1.17.8.jar)
WARNING: If a serviceability tool is in use, please run with -XX:+EnableDynamicAgentLoading to hide this warning
WARNING: If a serviceability tool is not in use, please run with -Djdk.instrument.traceUsage for more information
WARNING: Dynamic loading of agents will be disallowed by default in a future release
]]></system-err>
</testsuite>
